18/04/28 14:30:59 INFO client.RMProxy: Connecting to ResourceManager at hadoop-a/192.168.2.54:8032
18/04/28 14:31:00 WARN mapreduce.JobResourceUploader: Hadoop command-line option parsing not performed. Implement the Tool interface and execute your application with ToolRunner to remedy this.
18/04/28 14:31:00 INFO input.FileInputFormat: Total input files to process : 1
18/04/28 14:31:00 INFO mapreduce.JobSubmitter: number of splits:1192
18/04/28 14:31:00 INFO Configuration.deprecation: mapred.textoutputformat.separator is deprecated. Instead, use mapreduce.output.textoutputformat.separator
18/04/28 14:31:00 INFO Configuration.deprecation: yarn.resourcemanager.system-metrics-publisher.enabled is deprecated. Instead, use yarn.system-metrics-publisher.enabled
18/04/28 14:31:01 INFO mapreduce.JobSubmitter: Submitting tokens for job: job_1524707840070_0312
18/04/28 14:31:01 INFO impl.YarnClientImpl: Submitted application application_1524707840070_0312
18/04/28 14:31:01 INFO mapreduce.Job: The url to track the job: http://hadoop-a:8088/proxy/application_1524707840070_0312/
18/04/28 14:31:01 INFO mapreduce.Job: Running job: job_1524707840070_0312
18/04/28 14:31:09 INFO mapreduce.Job: Job job_1524707840070_0312 running in uber mode : false
18/04/28 14:31:09 INFO mapreduce.Job:  map 0% reduce 0%
18/04/28 14:31:29 INFO mapreduce.Job:  map 1% reduce 0%
18/04/28 14:31:35 INFO mapreduce.Job:  map 2% reduce 0%
18/04/28 14:31:37 INFO mapreduce.Job:  map 3% reduce 0%
18/04/28 14:31:51 INFO mapreduce.Job:  map 4% reduce 0%
18/04/28 14:32:00 INFO mapreduce.Job:  map 5% reduce 0%
18/04/28 14:32:02 INFO mapreduce.Job:  map 6% reduce 0%
18/04/28 14:32:16 INFO mapreduce.Job:  map 7% reduce 0%
18/04/28 14:32:26 INFO mapreduce.Job:  map 8% reduce 0%
18/04/28 14:32:27 INFO mapreduce.Job:  map 9% reduce 0%
18/04/28 14:32:42 INFO mapreduce.Job:  map 10% reduce 0%
18/04/28 14:32:49 INFO mapreduce.Job:  map 11% reduce 0%
18/04/28 14:32:55 INFO mapreduce.Job:  map 12% reduce 0%
18/04/28 14:33:04 INFO mapreduce.Job:  map 13% reduce 0%
18/04/28 14:33:13 INFO mapreduce.Job:  map 14% reduce 0%
18/04/28 14:33:16 INFO mapreduce.Job:  map 15% reduce 0%
18/04/28 14:33:32 INFO mapreduce.Job:  map 16% reduce 0%
18/04/28 14:33:34 INFO mapreduce.Job:  map 17% reduce 0%
18/04/28 14:33:47 INFO mapreduce.Job:  map 18% reduce 0%
18/04/28 14:33:52 INFO mapreduce.Job:  map 19% reduce 0%
18/04/28 14:33:56 INFO mapreduce.Job:  map 20% reduce 0%
18/04/28 14:34:08 INFO mapreduce.Job:  map 21% reduce 0%
18/04/28 14:34:15 INFO mapreduce.Job:  map 22% reduce 0%
18/04/28 14:34:25 INFO mapreduce.Job:  map 23% reduce 0%
18/04/28 14:34:33 INFO mapreduce.Job:  map 24% reduce 0%
18/04/28 14:34:41 INFO mapreduce.Job:  map 25% reduce 0%
18/04/28 14:34:50 INFO mapreduce.Job:  map 26% reduce 0%
18/04/28 14:34:56 INFO mapreduce.Job:  map 27% reduce 0%
18/04/28 14:35:05 INFO mapreduce.Job:  map 28% reduce 0%
18/04/28 14:35:14 INFO mapreduce.Job:  map 29% reduce 0%
18/04/28 14:35:26 INFO mapreduce.Job:  map 30% reduce 0%
18/04/28 14:35:30 INFO mapreduce.Job:  map 31% reduce 0%
18/04/28 14:35:43 INFO mapreduce.Job:  map 32% reduce 0%
18/04/28 14:35:47 INFO mapreduce.Job:  map 33% reduce 0%
18/04/28 14:36:00 INFO mapreduce.Job:  map 34% reduce 0%
18/04/28 14:36:01 INFO mapreduce.Job:  map 34% reduce 1%
18/04/28 14:36:03 INFO mapreduce.Job:  map 35% reduce 1%
18/04/28 14:36:16 INFO mapreduce.Job:  map 36% reduce 1%
18/04/28 14:36:20 INFO mapreduce.Job:  map 37% reduce 1%
18/04/28 14:36:29 INFO mapreduce.Job:  map 38% reduce 1%
18/04/28 14:36:38 INFO mapreduce.Job:  map 39% reduce 1%
18/04/28 14:36:49 INFO mapreduce.Job:  map 40% reduce 1%
18/04/28 14:36:51 INFO mapreduce.Job:  map 41% reduce 1%
18/04/28 14:37:03 INFO mapreduce.Job:  map 42% reduce 1%
18/04/28 14:37:14 INFO mapreduce.Job:  map 43% reduce 1%
18/04/28 14:37:22 INFO mapreduce.Job:  map 44% reduce 1%
18/04/28 14:37:35 INFO mapreduce.Job:  map 45% reduce 1%
18/04/28 14:37:38 INFO mapreduce.Job:  map 46% reduce 1%
18/04/28 14:37:49 INFO mapreduce.Job:  map 47% reduce 1%
18/04/28 14:38:00 INFO mapreduce.Job:  map 48% reduce 1%
18/04/28 14:38:06 INFO mapreduce.Job:  map 49% reduce 1%
18/04/28 14:38:14 INFO mapreduce.Job:  map 50% reduce 1%
18/04/28 14:38:24 INFO mapreduce.Job:  map 51% reduce 1%
18/04/28 14:38:34 INFO mapreduce.Job:  map 52% reduce 1%
18/04/28 14:38:43 INFO mapreduce.Job:  map 53% reduce 1%
18/04/28 14:38:52 INFO mapreduce.Job:  map 54% reduce 1%
18/04/28 14:39:01 INFO mapreduce.Job:  map 55% reduce 1%
18/04/28 14:39:11 INFO mapreduce.Job:  map 56% reduce 1%
18/04/28 14:39:19 INFO mapreduce.Job:  map 57% reduce 1%
18/04/28 14:39:28 INFO mapreduce.Job:  map 58% reduce 1%
18/04/28 14:39:37 INFO mapreduce.Job:  map 59% reduce 1%
18/04/28 14:39:46 INFO mapreduce.Job:  map 60% reduce 1%
18/04/28 14:39:54 INFO mapreduce.Job:  map 60% reduce 2%
18/04/28 14:39:55 INFO mapreduce.Job:  map 61% reduce 2%
18/04/28 14:40:02 INFO mapreduce.Job:  map 62% reduce 2%
18/04/28 14:40:14 INFO mapreduce.Job:  map 63% reduce 2%
18/04/28 14:40:25 INFO mapreduce.Job:  map 64% reduce 2%
18/04/28 14:40:38 INFO mapreduce.Job:  map 65% reduce 2%
18/04/28 14:40:50 INFO mapreduce.Job:  map 66% reduce 2%
18/04/28 14:41:03 INFO mapreduce.Job:  map 67% reduce 2%
18/04/28 14:41:14 INFO mapreduce.Job:  map 68% reduce 2%
18/04/28 14:41:27 INFO mapreduce.Job:  map 69% reduce 2%
18/04/28 14:41:39 INFO mapreduce.Job:  map 70% reduce 2%
18/04/28 14:41:51 INFO mapreduce.Job:  map 71% reduce 2%
18/04/28 14:42:02 INFO mapreduce.Job:  map 72% reduce 2%
18/04/28 14:42:12 INFO mapreduce.Job:  map 73% reduce 2%
18/04/28 14:42:24 INFO mapreduce.Job:  map 74% reduce 2%
18/04/28 14:42:37 INFO mapreduce.Job:  map 75% reduce 2%
18/04/28 14:42:50 INFO mapreduce.Job:  map 76% reduce 2%
18/04/28 14:43:04 INFO mapreduce.Job:  map 77% reduce 2%
18/04/28 14:43:14 INFO mapreduce.Job:  map 78% reduce 2%
18/04/28 14:43:27 INFO mapreduce.Job:  map 79% reduce 2%
18/04/28 14:43:41 INFO mapreduce.Job:  map 80% reduce 2%
18/04/28 14:43:53 INFO mapreduce.Job:  map 81% reduce 2%
18/04/28 14:44:08 INFO mapreduce.Job:  map 82% reduce 2%
18/04/28 14:44:20 INFO mapreduce.Job:  map 83% reduce 2%
18/04/28 14:44:35 INFO mapreduce.Job:  map 84% reduce 2%
18/04/28 14:44:47 INFO mapreduce.Job:  map 85% reduce 2%
18/04/28 14:45:02 INFO mapreduce.Job:  map 86% reduce 2%
18/04/28 14:45:16 INFO mapreduce.Job:  map 87% reduce 2%
18/04/28 14:45:30 INFO mapreduce.Job:  map 88% reduce 2%
18/04/28 14:45:43 INFO mapreduce.Job:  map 89% reduce 2%
18/04/28 14:45:56 INFO mapreduce.Job:  map 90% reduce 2%
18/04/28 14:46:08 INFO mapreduce.Job:  map 91% reduce 2%
18/04/28 14:46:23 INFO mapreduce.Job:  map 92% reduce 2%
18/04/28 14:46:37 INFO mapreduce.Job:  map 93% reduce 2%
18/04/28 14:46:51 INFO mapreduce.Job:  map 94% reduce 2%
18/04/28 14:47:06 INFO mapreduce.Job:  map 95% reduce 2%
18/04/28 14:47:16 INFO mapreduce.Job:  map 96% reduce 2%
18/04/28 14:47:32 INFO mapreduce.Job:  map 97% reduce 2%
18/04/28 14:47:45 INFO mapreduce.Job:  map 98% reduce 2%
18/04/28 14:47:58 INFO mapreduce.Job:  map 99% reduce 2%
18/04/28 14:48:15 INFO mapreduce.Job:  map 100% reduce 2%
18/04/28 14:48:22 INFO mapreduce.Job:  map 100% reduce 3%
18/04/28 14:48:30 INFO mapreduce.Job:  map 100% reduce 4%
18/04/28 14:48:31 INFO mapreduce.Job:  map 100% reduce 5%
18/04/28 14:48:32 INFO mapreduce.Job:  map 100% reduce 6%
18/04/28 14:48:34 INFO mapreduce.Job:  map 100% reduce 8%
18/04/28 14:48:37 INFO mapreduce.Job:  map 100% reduce 9%
18/04/28 14:48:42 INFO mapreduce.Job:  map 100% reduce 10%
18/04/28 14:48:47 INFO mapreduce.Job:  map 100% reduce 11%
18/04/28 14:48:51 INFO mapreduce.Job:  map 100% reduce 12%
18/04/28 14:48:54 INFO mapreduce.Job:  map 100% reduce 13%
18/04/28 14:49:01 INFO mapreduce.Job:  map 100% reduce 14%
18/04/28 14:49:07 INFO mapreduce.Job:  map 100% reduce 15%
18/04/28 14:49:18 INFO mapreduce.Job:  map 100% reduce 16%
18/04/28 14:49:25 INFO mapreduce.Job:  map 100% reduce 17%
18/04/28 14:49:27 INFO mapreduce.Job:  map 100% reduce 18%
18/04/28 14:49:31 INFO mapreduce.Job:  map 100% reduce 19%
18/04/28 14:49:37 INFO mapreduce.Job:  map 100% reduce 20%
18/04/28 14:49:41 INFO mapreduce.Job:  map 100% reduce 21%
18/04/28 14:49:47 INFO mapreduce.Job:  map 100% reduce 22%
18/04/28 14:49:53 INFO mapreduce.Job:  map 100% reduce 23%
18/04/28 14:50:00 INFO mapreduce.Job:  map 100% reduce 24%
18/04/28 14:50:03 INFO mapreduce.Job:  map 100% reduce 25%
18/04/28 14:50:07 INFO mapreduce.Job:  map 100% reduce 26%
18/04/28 14:50:09 INFO mapreduce.Job:  map 100% reduce 27%
18/04/28 14:50:10 INFO mapreduce.Job:  map 100% reduce 28%
18/04/28 14:50:13 INFO mapreduce.Job:  map 100% reduce 29%
18/04/28 14:50:16 INFO mapreduce.Job:  map 100% reduce 30%
18/04/28 14:50:21 INFO mapreduce.Job:  map 100% reduce 31%
18/04/28 14:50:26 INFO mapreduce.Job:  map 100% reduce 32%
18/04/28 14:50:33 INFO mapreduce.Job:  map 100% reduce 33%
18/04/28 14:50:37 INFO mapreduce.Job:  map 100% reduce 34%
18/04/28 14:50:41 INFO mapreduce.Job:  map 100% reduce 35%
18/04/28 14:50:48 INFO mapreduce.Job:  map 100% reduce 36%
18/04/28 14:50:54 INFO mapreduce.Job:  map 100% reduce 37%
18/04/28 14:50:58 INFO mapreduce.Job:  map 100% reduce 38%
18/04/28 14:51:02 INFO mapreduce.Job:  map 100% reduce 39%
18/04/28 14:51:05 INFO mapreduce.Job:  map 100% reduce 40%
18/04/28 14:51:10 INFO mapreduce.Job:  map 100% reduce 41%
18/04/28 14:51:21 INFO mapreduce.Job:  map 100% reduce 42%
18/04/28 14:51:29 INFO mapreduce.Job:  map 100% reduce 43%
18/04/28 14:51:31 INFO mapreduce.Job:  map 100% reduce 44%
18/04/28 14:51:33 INFO mapreduce.Job:  map 100% reduce 45%
18/04/28 14:51:37 INFO mapreduce.Job:  map 100% reduce 46%
18/04/28 14:51:39 INFO mapreduce.Job:  map 100% reduce 47%
18/04/28 14:51:41 INFO mapreduce.Job:  map 100% reduce 48%
18/04/28 14:51:46 INFO mapreduce.Job:  map 100% reduce 49%
18/04/28 14:51:52 INFO mapreduce.Job:  map 100% reduce 50%
18/04/28 14:51:53 INFO mapreduce.Job:  map 100% reduce 51%
18/04/28 14:51:57 INFO mapreduce.Job:  map 100% reduce 52%
18/04/28 14:52:01 INFO mapreduce.Job:  map 100% reduce 53%
18/04/28 14:52:06 INFO mapreduce.Job:  map 100% reduce 54%
18/04/28 14:52:14 INFO mapreduce.Job:  map 100% reduce 55%
18/04/28 14:52:20 INFO mapreduce.Job:  map 100% reduce 56%
18/04/28 14:52:27 INFO mapreduce.Job:  map 100% reduce 57%
18/04/28 14:52:32 INFO mapreduce.Job:  map 100% reduce 58%
18/04/28 14:52:36 INFO mapreduce.Job:  map 100% reduce 59%
18/04/28 14:52:43 INFO mapreduce.Job:  map 100% reduce 60%
18/04/28 14:52:48 INFO mapreduce.Job:  map 100% reduce 61%
18/04/28 14:52:54 INFO mapreduce.Job:  map 100% reduce 62%
18/04/28 14:52:59 INFO mapreduce.Job:  map 100% reduce 63%
18/04/28 14:53:03 INFO mapreduce.Job:  map 100% reduce 64%
18/04/28 14:53:04 INFO mapreduce.Job:  map 100% reduce 65%
18/04/28 14:53:08 INFO mapreduce.Job:  map 100% reduce 66%
18/04/28 14:53:09 INFO mapreduce.Job:  map 100% reduce 67%
18/04/28 14:53:11 INFO mapreduce.Job:  map 100% reduce 68%
18/04/28 14:53:15 INFO mapreduce.Job:  map 100% reduce 69%
18/04/28 14:53:19 INFO mapreduce.Job:  map 100% reduce 70%
18/04/28 14:53:22 INFO mapreduce.Job:  map 100% reduce 71%
18/04/28 14:53:27 INFO mapreduce.Job:  map 100% reduce 72%
18/04/28 14:53:32 INFO mapreduce.Job:  map 100% reduce 73%
18/04/28 14:53:43 INFO mapreduce.Job:  map 100% reduce 74%
18/04/28 14:53:50 INFO mapreduce.Job:  map 100% reduce 75%
18/04/28 14:53:55 INFO mapreduce.Job:  map 100% reduce 76%
18/04/28 14:54:01 INFO mapreduce.Job:  map 100% reduce 77%
18/04/28 14:54:07 INFO mapreduce.Job:  map 100% reduce 78%
18/04/28 14:54:14 INFO mapreduce.Job:  map 100% reduce 79%
18/04/28 14:54:18 INFO mapreduce.Job:  map 100% reduce 80%
18/04/28 14:54:21 INFO mapreduce.Job:  map 100% reduce 81%
18/04/28 14:54:22 INFO mapreduce.Job:  map 100% reduce 82%
18/04/28 14:54:23 INFO mapreduce.Job:  map 100% reduce 83%
18/04/28 14:54:25 INFO mapreduce.Job:  map 100% reduce 84%
18/04/28 14:54:30 INFO mapreduce.Job:  map 100% reduce 85%
18/04/28 14:54:35 INFO mapreduce.Job:  map 100% reduce 86%
18/04/28 14:54:38 INFO mapreduce.Job:  map 100% reduce 87%
18/04/28 14:54:44 INFO mapreduce.Job:  map 100% reduce 88%
18/04/28 14:54:52 INFO mapreduce.Job:  map 100% reduce 89%
18/04/28 14:54:59 INFO mapreduce.Job:  map 100% reduce 90%
18/04/28 14:55:09 INFO mapreduce.Job:  map 100% reduce 91%
18/04/28 14:55:13 INFO mapreduce.Job:  map 100% reduce 92%
18/04/28 14:55:15 INFO mapreduce.Job:  map 100% reduce 93%
18/04/28 14:55:19 INFO mapreduce.Job:  map 100% reduce 94%
18/04/28 14:55:25 INFO mapreduce.Job:  map 100% reduce 95%
18/04/28 14:55:28 INFO mapreduce.Job:  map 100% reduce 96%
18/04/28 14:55:31 INFO mapreduce.Job:  map 100% reduce 97%
18/04/28 14:55:36 INFO mapreduce.Job:  map 100% reduce 98%
18/04/28 14:55:37 INFO mapreduce.Job:  map 100% reduce 99%
18/04/28 14:55:50 INFO mapreduce.Job:  map 100% reduce 100%
18/04/28 14:56:00 INFO mapreduce.Job: Job job_1524707840070_0312 completed successfully
18/04/28 14:56:03 INFO mapreduce.Job: Counters: 52
	File System Counters
		FILE: Number of bytes read=81675760108
		FILE: Number of bytes written=163562846458
		FILE: Number of read operations=0
		FILE: Number of large read operations=0
		FILE: Number of write operations=0
		HDFS: Number of bytes read=80005014224
		HDFS: Number of bytes written=80000000000
		HDFS: Number of read operations=4176
		HDFS: Number of large read operations=0
		HDFS: Number of write operations=400
	Job Counters 
		Killed map tasks=1
		Killed reduce tasks=1
		Launched map tasks=1192
		Launched reduce tasks=201
		Data-local map tasks=1015
		Rack-local map tasks=177
		Total time spent by all maps in occupied slots (ms)=14875592
		Total time spent by all reduces in occupied slots (ms)=24642113
		Total time spent by all map tasks (ms)=14875592
		Total time spent by all reduce tasks (ms)=24642113
		Total vcore-milliseconds taken by all map tasks=14875592
		Total vcore-milliseconds taken by all reduce tasks=24642113
		Total megabyte-milliseconds taken by all map tasks=15232606208
		Total megabyte-milliseconds taken by all reduce tasks=25233523712
	Map-Reduce Framework
		Map input records=800000000
		Map output records=800000000
		Map output bytes=80000000000
		Map output materialized bytes=81601430400
		Input split bytes=135888
		Combine input records=800000000
		Combine output records=800000000
		Reduce input groups=800000000
		Reduce shuffle bytes=81601430400
		Reduce input records=800000000
		Reduce output records=800000000
		Spilled Records=1600733429
		Shuffled Maps =238400
		Failed Shuffles=0
		Merged Map outputs=238400
		GC time elapsed (ms)=713726
		CPU time spent (ms)=11639240
		Physical memory (bytes) snapshot=411815211008
		Virtual memory (bytes) snapshot=2744635498496
		Total committed heap usage (bytes)=283040546816
	Shuffle Errors
		BAD_ID=0
		CONNECTION=0
		IO_ERROR=0
		WRONG_LENGTH=0
		WRONG_MAP=0
		WRONG_REDUCE=0
	File Input Format Counters 
		Bytes Read=80004878336
	File Output Format Counters 
		Bytes Written=80000000000
18/04/28 14:56:07 INFO client.RMProxy: Connecting to ResourceManager at hadoop-a/192.168.2.54:8032
18/04/28 14:56:08 INFO input.FileInputFormat: Total input files to process : 200
Spent 158ms computing base-splits.
Spent 7ms computing TeraScheduler splits.
18/04/28 14:56:08 INFO mapreduce.JobSubmitter: number of splits:200
18/04/28 14:56:08 INFO Configuration.deprecation: yarn.resourcemanager.system-metrics-publisher.enabled is deprecated. Instead, use yarn.system-metrics-publisher.enabled
18/04/28 14:56:08 INFO mapreduce.JobSubmitter: Submitting tokens for job: job_1524707840070_0313
18/04/28 14:56:09 INFO impl.YarnClientImpl: Submitted application application_1524707840070_0313
18/04/28 14:56:09 INFO mapreduce.Job: The url to track the job: http://hadoop-a:8088/proxy/application_1524707840070_0313/
18/04/28 14:56:09 INFO mapreduce.Job: Running job: job_1524707840070_0313
18/04/28 14:56:16 INFO mapreduce.Job: Job job_1524707840070_0313 running in uber mode : false
18/04/28 14:56:16 INFO mapreduce.Job:  map 0% reduce 0%
18/04/28 14:56:35 INFO mapreduce.Job:  map 3% reduce 0%
18/04/28 14:56:38 INFO mapreduce.Job:  map 4% reduce 0%
18/04/28 14:56:39 INFO mapreduce.Job:  map 7% reduce 0%
18/04/28 14:56:41 INFO mapreduce.Job:  map 8% reduce 0%
18/04/28 14:56:42 INFO mapreduce.Job:  map 13% reduce 0%
18/04/28 14:56:43 INFO mapreduce.Job:  map 15% reduce 0%
18/04/28 14:56:53 INFO mapreduce.Job:  map 17% reduce 0%
18/04/28 14:56:54 INFO mapreduce.Job:  map 18% reduce 0%
18/04/28 14:56:56 INFO mapreduce.Job:  map 19% reduce 0%
18/04/28 14:56:59 INFO mapreduce.Job:  map 22% reduce 0%
18/04/28 14:57:00 INFO mapreduce.Job:  map 24% reduce 0%
18/04/28 14:57:01 INFO mapreduce.Job:  map 25% reduce 8%
18/04/28 14:57:03 INFO mapreduce.Job:  map 26% reduce 8%
18/04/28 14:57:06 INFO mapreduce.Job:  map 27% reduce 8%
18/04/28 14:57:08 INFO mapreduce.Job:  map 29% reduce 9%
18/04/28 14:57:11 INFO mapreduce.Job:  map 31% reduce 9%
18/04/28 14:57:13 INFO mapreduce.Job:  map 32% reduce 9%
18/04/28 14:57:14 INFO mapreduce.Job:  map 32% reduce 11%
18/04/28 14:57:16 INFO mapreduce.Job:  map 33% reduce 11%
18/04/28 14:57:17 INFO mapreduce.Job:  map 34% reduce 11%
18/04/28 14:57:18 INFO mapreduce.Job:  map 35% reduce 11%
18/04/28 14:57:19 INFO mapreduce.Job:  map 38% reduce 11%
18/04/28 14:57:20 INFO mapreduce.Job:  map 40% reduce 12%
18/04/28 14:57:26 INFO mapreduce.Job:  map 40% reduce 13%
18/04/28 14:57:29 INFO mapreduce.Job:  map 41% reduce 13%
18/04/28 14:57:30 INFO mapreduce.Job:  map 44% reduce 13%
18/04/28 14:57:31 INFO mapreduce.Job:  map 46% reduce 13%
18/04/28 14:57:32 INFO mapreduce.Job:  map 46% reduce 15%
18/04/28 14:57:33 INFO mapreduce.Job:  map 47% reduce 15%
18/04/28 14:57:35 INFO mapreduce.Job:  map 49% reduce 15%
18/04/28 14:57:36 INFO mapreduce.Job:  map 51% reduce 15%
18/04/28 14:57:37 INFO mapreduce.Job:  map 52% reduce 15%
18/04/28 14:57:38 INFO mapreduce.Job:  map 53% reduce 17%
18/04/28 14:57:39 INFO mapreduce.Job:  map 55% reduce 17%
18/04/28 14:57:44 INFO mapreduce.Job:  map 55% reduce 18%
18/04/28 14:57:46 INFO mapreduce.Job:  map 56% reduce 18%
18/04/28 14:57:47 INFO mapreduce.Job:  map 57% reduce 18%
18/04/28 14:57:49 INFO mapreduce.Job:  map 58% reduce 18%
18/04/28 14:57:50 INFO mapreduce.Job:  map 58% reduce 19%
18/04/28 14:57:51 INFO mapreduce.Job:  map 59% reduce 19%
18/04/28 14:57:52 INFO mapreduce.Job:  map 60% reduce 19%
18/04/28 14:57:53 INFO mapreduce.Job:  map 61% reduce 19%
18/04/28 14:57:54 INFO mapreduce.Job:  map 62% reduce 19%
18/04/28 14:57:55 INFO mapreduce.Job:  map 63% reduce 19%
18/04/28 14:57:56 INFO mapreduce.Job:  map 64% reduce 21%
18/04/28 14:57:57 INFO mapreduce.Job:  map 68% reduce 21%
18/04/28 14:57:58 INFO mapreduce.Job:  map 69% reduce 21%
18/04/28 14:58:02 INFO mapreduce.Job:  map 69% reduce 23%
18/04/28 14:58:04 INFO mapreduce.Job:  map 70% reduce 23%
18/04/28 14:58:05 INFO mapreduce.Job:  map 71% reduce 23%
18/04/28 14:58:06 INFO mapreduce.Job:  map 72% reduce 23%
18/04/28 14:58:07 INFO mapreduce.Job:  map 73% reduce 23%
18/04/28 14:58:08 INFO mapreduce.Job:  map 74% reduce 24%
18/04/28 14:58:10 INFO mapreduce.Job:  map 75% reduce 24%
18/04/28 14:58:11 INFO mapreduce.Job:  map 76% reduce 24%
18/04/28 14:58:14 INFO mapreduce.Job:  map 76% reduce 25%
18/04/28 14:58:16 INFO mapreduce.Job:  map 77% reduce 25%
18/04/28 14:58:17 INFO mapreduce.Job:  map 78% reduce 25%
18/04/28 14:58:18 INFO mapreduce.Job:  map 79% reduce 25%
18/04/28 14:58:19 INFO mapreduce.Job:  map 81% reduce 25%
18/04/28 14:58:20 INFO mapreduce.Job:  map 81% reduce 27%
18/04/28 14:58:21 INFO mapreduce.Job:  map 83% reduce 27%
18/04/28 14:58:22 INFO mapreduce.Job:  map 85% reduce 27%
18/04/28 14:58:23 INFO mapreduce.Job:  map 87% reduce 27%
18/04/28 14:58:24 INFO mapreduce.Job:  map 88% reduce 27%
18/04/28 14:58:26 INFO mapreduce.Job:  map 89% reduce 29%
18/04/28 14:58:27 INFO mapreduce.Job:  map 90% reduce 29%
18/04/28 14:58:32 INFO mapreduce.Job:  map 91% reduce 30%
18/04/28 14:58:34 INFO mapreduce.Job:  map 92% reduce 30%
18/04/28 14:58:36 INFO mapreduce.Job:  map 93% reduce 30%
18/04/28 14:58:37 INFO mapreduce.Job:  map 98% reduce 30%
18/04/28 14:58:38 INFO mapreduce.Job:  map 100% reduce 31%
18/04/28 14:58:39 INFO mapreduce.Job:  map 100% reduce 100%
18/04/28 14:58:40 INFO mapreduce.Job: Job job_1524707840070_0313 completed successfully
18/04/28 14:58:41 INFO mapreduce.Job: Counters: 51
	File System Counters
		FILE: Number of bytes read=17606
		FILE: Number of bytes written=40589195
		FILE: Number of read operations=0
		FILE: Number of large read operations=0
		FILE: Number of write operations=0
		HDFS: Number of bytes read=80000024600
		HDFS: Number of bytes written=29080
		HDFS: Number of read operations=603
		HDFS: Number of large read operations=0
		HDFS: Number of write operations=2
	Job Counters 
		Killed map tasks=1
		Launched map tasks=200
		Launched reduce tasks=1
		Data-local map tasks=198
		Rack-local map tasks=2
		Total time spent by all maps in occupied slots (ms)=3708518
		Total time spent by all reduces in occupied slots (ms)=116945
		Total time spent by all map tasks (ms)=3708518
		Total time spent by all reduce tasks (ms)=116945
		Total vcore-milliseconds taken by all map tasks=3708518
		Total vcore-milliseconds taken by all reduce tasks=116945
		Total megabyte-milliseconds taken by all map tasks=3797522432
		Total megabyte-milliseconds taken by all reduce tasks=119751680
	Map-Reduce Framework
		Map input records=800000000
		Map output records=600
		Map output bytes=16400
		Map output materialized bytes=18800
		Input split bytes=24600
		Combine input records=0
		Combine output records=0
		Reduce input groups=401
		Reduce shuffle bytes=18800
		Reduce input records=600
		Reduce output records=200
		Spilled Records=1200
		Shuffled Maps =200
		Failed Shuffles=0
		Merged Map outputs=200
		GC time elapsed (ms)=56674
		CPU time spent (ms)=1039060
		Physical memory (bytes) snapshot=58423955456
		Virtual memory (bytes) snapshot=395757453312
		Total committed heap usage (bytes)=40418934784
	Shuffle Errors
		BAD_ID=0
		CONNECTION=0
		IO_ERROR=0
		WRONG_LENGTH=0
		WRONG_MAP=0
		WRONG_REDUCE=0
	File Input Format Counters 
		Bytes Read=80000000000
	File Output Format Counters 
		Bytes Written=29080
