18/04/28 14:03:33 INFO client.RMProxy: Connecting to ResourceManager at hadoop-d/192.168.2.62:8032
18/04/28 14:03:33 WARN mapreduce.JobResourceUploader: Hadoop command-line option parsing not performed. Implement the Tool interface and execute your application with ToolRunner to remedy this.
18/04/28 14:03:34 INFO input.FileInputFormat: Total input files to process : 1
18/04/28 14:03:34 INFO mapreduce.JobSubmitter: number of splits:120
18/04/28 14:03:34 INFO Configuration.deprecation: mapred.textoutputformat.separator is deprecated. Instead, use mapreduce.output.textoutputformat.separator
18/04/28 14:03:34 INFO Configuration.deprecation: yarn.resourcemanager.system-metrics-publisher.enabled is deprecated. Instead, use yarn.system-metrics-publisher.enabled
18/04/28 14:03:34 INFO mapreduce.JobSubmitter: Submitting tokens for job: job_1524709778346_0298
18/04/28 14:03:34 INFO impl.YarnClientImpl: Submitted application application_1524709778346_0298
18/04/28 14:03:35 INFO mapreduce.Job: The url to track the job: http://hadoop-d:8088/proxy/application_1524709778346_0298/
18/04/28 14:03:35 INFO mapreduce.Job: Running job: job_1524709778346_0298
18/04/28 14:03:42 INFO mapreduce.Job: Job job_1524709778346_0298 running in uber mode : false
18/04/28 14:03:42 INFO mapreduce.Job:  map 0% reduce 0%
18/04/28 14:03:53 INFO mapreduce.Job:  map 2% reduce 0%
18/04/28 14:03:55 INFO mapreduce.Job:  map 3% reduce 0%
18/04/28 14:03:58 INFO mapreduce.Job:  map 4% reduce 0%
18/04/28 14:04:00 INFO mapreduce.Job:  map 5% reduce 0%
18/04/28 14:04:02 INFO mapreduce.Job:  map 6% reduce 0%
18/04/28 14:04:03 INFO mapreduce.Job:  map 8% reduce 0%
18/04/28 14:04:05 INFO mapreduce.Job:  map 9% reduce 0%
18/04/28 14:04:06 INFO mapreduce.Job:  map 15% reduce 0%
18/04/28 14:04:08 INFO mapreduce.Job:  map 16% reduce 0%
18/04/28 14:04:10 INFO mapreduce.Job:  map 17% reduce 0%
18/04/28 14:04:11 INFO mapreduce.Job:  map 19% reduce 0%
18/04/28 14:04:15 INFO mapreduce.Job:  map 20% reduce 0%
18/04/28 14:04:17 INFO mapreduce.Job:  map 21% reduce 0%
18/04/28 14:04:19 INFO mapreduce.Job:  map 22% reduce 0%
18/04/28 14:04:22 INFO mapreduce.Job:  map 23% reduce 0%
18/04/28 14:04:24 INFO mapreduce.Job:  map 24% reduce 0%
18/04/28 14:04:25 INFO mapreduce.Job:  map 25% reduce 0%
18/04/28 14:04:26 INFO mapreduce.Job:  map 28% reduce 0%
18/04/28 14:04:27 INFO mapreduce.Job:  map 31% reduce 0%
18/04/28 14:04:28 INFO mapreduce.Job:  map 32% reduce 0%
18/04/28 14:04:31 INFO mapreduce.Job:  map 33% reduce 0%
18/04/28 14:04:32 INFO mapreduce.Job:  map 35% reduce 0%
18/04/28 14:04:34 INFO mapreduce.Job:  map 36% reduce 0%
18/04/28 14:04:35 INFO mapreduce.Job:  map 37% reduce 0%
18/04/28 14:04:39 INFO mapreduce.Job:  map 38% reduce 0%
18/04/28 14:04:42 INFO mapreduce.Job:  map 40% reduce 0%
18/04/28 14:04:43 INFO mapreduce.Job:  map 43% reduce 0%
18/04/28 14:04:45 INFO mapreduce.Job:  map 46% reduce 0%
18/04/28 14:04:48 INFO mapreduce.Job:  map 47% reduce 1%
18/04/28 14:04:50 INFO mapreduce.Job:  map 48% reduce 1%
18/04/28 14:04:51 INFO mapreduce.Job:  map 49% reduce 1%
18/04/28 14:04:53 INFO mapreduce.Job:  map 50% reduce 1%
18/04/28 14:04:54 INFO mapreduce.Job:  map 51% reduce 1%
18/04/28 14:04:58 INFO mapreduce.Job:  map 56% reduce 1%
18/04/28 14:04:59 INFO mapreduce.Job:  map 57% reduce 1%
18/04/28 14:05:02 INFO mapreduce.Job:  map 58% reduce 1%
18/04/28 14:05:03 INFO mapreduce.Job:  map 59% reduce 1%
18/04/28 14:05:05 INFO mapreduce.Job:  map 60% reduce 1%
18/04/28 14:05:07 INFO mapreduce.Job:  map 61% reduce 1%
18/04/28 14:05:09 INFO mapreduce.Job:  map 62% reduce 1%
18/04/28 14:05:11 INFO mapreduce.Job:  map 63% reduce 2%
18/04/28 14:05:12 INFO mapreduce.Job:  map 64% reduce 2%
18/04/28 14:05:13 INFO mapreduce.Job:  map 68% reduce 2%
18/04/28 14:05:14 INFO mapreduce.Job:  map 69% reduce 2%
18/04/28 14:05:16 INFO mapreduce.Job:  map 70% reduce 2%
18/04/28 14:05:18 INFO mapreduce.Job:  map 72% reduce 2%
18/04/28 14:05:19 INFO mapreduce.Job:  map 73% reduce 2%
18/04/28 14:05:25 INFO mapreduce.Job:  map 74% reduce 2%
18/04/28 14:05:26 INFO mapreduce.Job:  map 75% reduce 2%
18/04/28 14:05:27 INFO mapreduce.Job:  map 78% reduce 2%
18/04/28 14:05:28 INFO mapreduce.Job:  map 79% reduce 2%
18/04/28 14:05:30 INFO mapreduce.Job:  map 81% reduce 2%
18/04/28 14:05:31 INFO mapreduce.Job:  map 82% reduce 2%
18/04/28 14:05:35 INFO mapreduce.Job:  map 83% reduce 2%
18/04/28 14:05:37 INFO mapreduce.Job:  map 84% reduce 2%
18/04/28 14:05:39 INFO mapreduce.Job:  map 85% reduce 2%
18/04/28 14:05:40 INFO mapreduce.Job:  map 87% reduce 2%
18/04/28 14:05:41 INFO mapreduce.Job:  map 88% reduce 2%
18/04/28 14:05:42 INFO mapreduce.Job:  map 89% reduce 2%
18/04/28 14:05:43 INFO mapreduce.Job:  map 91% reduce 2%
18/04/28 14:05:44 INFO mapreduce.Job:  map 92% reduce 2%
18/04/28 14:05:46 INFO mapreduce.Job:  map 93% reduce 2%
18/04/28 14:05:49 INFO mapreduce.Job:  map 94% reduce 2%
18/04/28 14:05:50 INFO mapreduce.Job:  map 95% reduce 2%
18/04/28 14:05:52 INFO mapreduce.Job:  map 96% reduce 2%
18/04/28 14:05:54 INFO mapreduce.Job:  map 98% reduce 2%
18/04/28 14:05:55 INFO mapreduce.Job:  map 99% reduce 2%
18/04/28 14:05:58 INFO mapreduce.Job:  map 100% reduce 2%
18/04/28 14:06:01 INFO mapreduce.Job:  map 100% reduce 3%
18/04/28 14:06:02 INFO mapreduce.Job:  map 100% reduce 5%
18/04/28 14:06:03 INFO mapreduce.Job:  map 100% reduce 6%
18/04/28 14:06:04 INFO mapreduce.Job:  map 100% reduce 7%
18/04/28 14:06:05 INFO mapreduce.Job:  map 100% reduce 10%
18/04/28 14:06:06 INFO mapreduce.Job:  map 100% reduce 12%
18/04/28 14:06:07 INFO mapreduce.Job:  map 100% reduce 13%
18/04/28 14:06:09 INFO mapreduce.Job:  map 100% reduce 14%
18/04/28 14:06:14 INFO mapreduce.Job:  map 100% reduce 16%
18/04/28 14:06:19 INFO mapreduce.Job:  map 100% reduce 18%
18/04/28 14:06:20 INFO mapreduce.Job:  map 100% reduce 19%
18/04/28 14:06:21 INFO mapreduce.Job:  map 100% reduce 20%
18/04/28 14:06:22 INFO mapreduce.Job:  map 100% reduce 22%
18/04/28 14:06:24 INFO mapreduce.Job:  map 100% reduce 23%
18/04/28 14:06:25 INFO mapreduce.Job:  map 100% reduce 25%
18/04/28 14:06:26 INFO mapreduce.Job:  map 100% reduce 29%
18/04/28 14:06:27 INFO mapreduce.Job:  map 100% reduce 30%
18/04/28 14:06:36 INFO mapreduce.Job:  map 100% reduce 31%
18/04/28 14:06:37 INFO mapreduce.Job:  map 100% reduce 33%
18/04/28 14:06:38 INFO mapreduce.Job:  map 100% reduce 37%
18/04/28 14:06:39 INFO mapreduce.Job:  map 100% reduce 38%
18/04/28 14:06:41 INFO mapreduce.Job:  map 100% reduce 40%
18/04/28 14:06:43 INFO mapreduce.Job:  map 100% reduce 41%
18/04/28 14:06:44 INFO mapreduce.Job:  map 100% reduce 42%
18/04/28 14:06:47 INFO mapreduce.Job:  map 100% reduce 43%
18/04/28 14:06:49 INFO mapreduce.Job:  map 100% reduce 44%
18/04/28 14:06:50 INFO mapreduce.Job:  map 100% reduce 45%
18/04/28 14:06:51 INFO mapreduce.Job:  map 100% reduce 47%
18/04/28 14:06:54 INFO mapreduce.Job:  map 100% reduce 49%
18/04/28 14:06:55 INFO mapreduce.Job:  map 100% reduce 51%
18/04/28 14:06:56 INFO mapreduce.Job:  map 100% reduce 52%
18/04/28 14:06:57 INFO mapreduce.Job:  map 100% reduce 53%
18/04/28 14:06:58 INFO mapreduce.Job:  map 100% reduce 54%
18/04/28 14:07:00 INFO mapreduce.Job:  map 100% reduce 56%
18/04/28 14:07:02 INFO mapreduce.Job:  map 100% reduce 57%
18/04/28 14:07:03 INFO mapreduce.Job:  map 100% reduce 60%
18/04/28 14:07:07 INFO mapreduce.Job:  map 100% reduce 61%
18/04/28 14:07:09 INFO mapreduce.Job:  map 100% reduce 62%
18/04/28 14:07:11 INFO mapreduce.Job:  map 100% reduce 63%
18/04/28 14:07:12 INFO mapreduce.Job:  map 100% reduce 67%
18/04/28 14:07:14 INFO mapreduce.Job:  map 100% reduce 69%
18/04/28 14:07:16 INFO mapreduce.Job:  map 100% reduce 71%
18/04/28 14:07:17 INFO mapreduce.Job:  map 100% reduce 73%
18/04/28 14:07:20 INFO mapreduce.Job:  map 100% reduce 74%
18/04/28 14:07:21 INFO mapreduce.Job:  map 100% reduce 75%
18/04/28 14:07:26 INFO mapreduce.Job:  map 100% reduce 76%
18/04/28 14:07:27 INFO mapreduce.Job:  map 100% reduce 78%
18/04/28 14:07:28 INFO mapreduce.Job:  map 100% reduce 80%
18/04/28 14:07:29 INFO mapreduce.Job:  map 100% reduce 81%
18/04/28 14:07:30 INFO mapreduce.Job:  map 100% reduce 83%
18/04/28 14:07:31 INFO mapreduce.Job:  map 100% reduce 85%
18/04/28 14:07:33 INFO mapreduce.Job:  map 100% reduce 86%
18/04/28 14:07:34 INFO mapreduce.Job:  map 100% reduce 87%
18/04/28 14:07:36 INFO mapreduce.Job:  map 100% reduce 88%
18/04/28 14:07:37 INFO mapreduce.Job:  map 100% reduce 89%
18/04/28 14:07:40 INFO mapreduce.Job:  map 100% reduce 93%
18/04/28 14:07:43 INFO mapreduce.Job:  map 100% reduce 95%
18/04/28 14:07:44 INFO mapreduce.Job:  map 100% reduce 98%
18/04/28 14:07:45 INFO mapreduce.Job:  map 100% reduce 99%
18/04/28 14:07:46 INFO mapreduce.Job:  map 100% reduce 100%
18/04/28 14:07:48 INFO mapreduce.Job: Job job_1524709778346_0298 completed successfully
18/04/28 14:07:48 INFO mapreduce.Job: Counters: 52
	File System Counters
		FILE: Number of bytes read=8160001200
		FILE: Number of bytes written=16385284220
		FILE: Number of read operations=0
		FILE: Number of large read operations=0
		FILE: Number of write operations=0
		HDFS: Number of bytes read=8000500864
		HDFS: Number of bytes written=8000000000
		HDFS: Number of read operations=960
		HDFS: Number of large read operations=0
		HDFS: Number of write operations=400
	Job Counters 
		Killed map tasks=1
		Killed reduce tasks=1
		Launched map tasks=120
		Launched reduce tasks=200
		Data-local map tasks=45
		Rack-local map tasks=75
		Total time spent by all maps in occupied slots (ms)=1397355
		Total time spent by all reduces in occupied slots (ms)=4277463
		Total time spent by all map tasks (ms)=1397355
		Total time spent by all reduce tasks (ms)=4277463
		Total vcore-milliseconds taken by all map tasks=1397355
		Total vcore-milliseconds taken by all reduce tasks=4277463
		Total megabyte-milliseconds taken by all map tasks=1430891520
		Total megabyte-milliseconds taken by all reduce tasks=4380122112
	Map-Reduce Framework
		Map input records=80000000
		Map output records=80000000
		Map output bytes=8000000000
		Map output materialized bytes=8160144000
		Input split bytes=13440
		Combine input records=80000000
		Combine output records=80000000
		Reduce input groups=80000000
		Reduce shuffle bytes=8160144000
		Reduce input records=80000000
		Reduce output records=80000000
		Spilled Records=160000000
		Shuffled Maps =24000
		Failed Shuffles=0
		Merged Map outputs=24000
		GC time elapsed (ms)=84747
		CPU time spent (ms)=1470880
		Physical memory (bytes) snapshot=74547093504
		Virtual memory (bytes) snapshot=632160964608
		Total committed heap usage (bytes)=46232240128
	Shuffle Errors
		BAD_ID=0
		CONNECTION=0
		IO_ERROR=0
		WRONG_LENGTH=0
		WRONG_MAP=0
		WRONG_REDUCE=0
	File Input Format Counters 
		Bytes Read=8000487424
	File Output Format Counters 
		Bytes Written=8000000000
18/04/28 14:07:50 INFO client.RMProxy: Connecting to ResourceManager at hadoop-d/192.168.2.62:8032
18/04/28 14:07:51 INFO input.FileInputFormat: Total input files to process : 200
Spent 106ms computing base-splits.
Spent 9ms computing TeraScheduler splits.
18/04/28 14:07:51 INFO mapreduce.JobSubmitter: number of splits:200
18/04/28 14:07:52 INFO Configuration.deprecation: yarn.resourcemanager.system-metrics-publisher.enabled is deprecated. Instead, use yarn.system-metrics-publisher.enabled
18/04/28 14:07:52 INFO mapreduce.JobSubmitter: Submitting tokens for job: job_1524709778346_0299
18/04/28 14:07:52 INFO impl.YarnClientImpl: Submitted application application_1524709778346_0299
18/04/28 14:07:52 INFO mapreduce.Job: The url to track the job: http://hadoop-d:8088/proxy/application_1524709778346_0299/
18/04/28 14:07:52 INFO mapreduce.Job: Running job: job_1524709778346_0299
18/04/28 14:07:59 INFO mapreduce.Job: Job job_1524709778346_0299 running in uber mode : false
18/04/28 14:07:59 INFO mapreduce.Job:  map 0% reduce 0%
18/04/28 14:08:14 INFO mapreduce.Job:  map 4% reduce 0%
18/04/28 14:08:15 INFO mapreduce.Job:  map 9% reduce 0%
18/04/28 14:08:16 INFO mapreduce.Job:  map 13% reduce 0%
18/04/28 14:08:17 INFO mapreduce.Job:  map 15% reduce 0%
18/04/28 14:08:26 INFO mapreduce.Job:  map 18% reduce 0%
18/04/28 14:08:27 INFO mapreduce.Job:  map 19% reduce 0%
18/04/28 14:08:28 INFO mapreduce.Job:  map 22% reduce 0%
18/04/28 14:08:29 INFO mapreduce.Job:  map 26% reduce 0%
18/04/28 14:08:30 INFO mapreduce.Job:  map 29% reduce 0%
18/04/28 14:08:37 INFO mapreduce.Job:  map 31% reduce 0%
18/04/28 14:08:38 INFO mapreduce.Job:  map 34% reduce 0%
18/04/28 14:08:40 INFO mapreduce.Job:  map 37% reduce 11%
18/04/28 14:08:41 INFO mapreduce.Job:  map 38% reduce 11%
18/04/28 14:08:42 INFO mapreduce.Job:  map 41% reduce 11%
18/04/28 14:08:43 INFO mapreduce.Job:  map 43% reduce 11%
18/04/28 14:08:44 INFO mapreduce.Job:  map 44% reduce 11%
18/04/28 14:08:46 INFO mapreduce.Job:  map 44% reduce 15%
18/04/28 14:08:47 INFO mapreduce.Job:  map 46% reduce 15%
18/04/28 14:08:49 INFO mapreduce.Job:  map 47% reduce 15%
18/04/28 14:08:50 INFO mapreduce.Job:  map 48% reduce 15%
18/04/28 14:08:51 INFO mapreduce.Job:  map 50% reduce 15%
18/04/28 14:08:52 INFO mapreduce.Job:  map 51% reduce 16%
18/04/28 14:08:54 INFO mapreduce.Job:  map 55% reduce 16%
18/04/28 14:08:55 INFO mapreduce.Job:  map 56% reduce 16%
18/04/28 14:08:57 INFO mapreduce.Job:  map 59% reduce 16%
18/04/28 14:08:58 INFO mapreduce.Job:  map 60% reduce 19%
18/04/28 14:08:59 INFO mapreduce.Job:  map 61% reduce 19%
18/04/28 14:09:00 INFO mapreduce.Job:  map 62% reduce 19%
18/04/28 14:09:01 INFO mapreduce.Job:  map 63% reduce 19%
18/04/28 14:09:03 INFO mapreduce.Job:  map 65% reduce 19%
18/04/28 14:09:04 INFO mapreduce.Job:  map 65% reduce 21%
18/04/28 14:09:05 INFO mapreduce.Job:  map 67% reduce 21%
18/04/28 14:09:06 INFO mapreduce.Job:  map 68% reduce 21%
18/04/28 14:09:07 INFO mapreduce.Job:  map 70% reduce 21%
18/04/28 14:09:08 INFO mapreduce.Job:  map 71% reduce 21%
18/04/28 14:09:09 INFO mapreduce.Job:  map 73% reduce 21%
18/04/28 14:09:10 INFO mapreduce.Job:  map 75% reduce 24%
18/04/28 14:09:11 INFO mapreduce.Job:  map 76% reduce 24%
18/04/28 14:09:14 INFO mapreduce.Job:  map 78% reduce 24%
18/04/28 14:09:15 INFO mapreduce.Job:  map 80% reduce 24%
18/04/28 14:09:16 INFO mapreduce.Job:  map 81% reduce 27%
18/04/28 14:09:17 INFO mapreduce.Job:  map 82% reduce 27%
18/04/28 14:09:18 INFO mapreduce.Job:  map 83% reduce 27%
18/04/28 14:09:19 INFO mapreduce.Job:  map 84% reduce 27%
18/04/28 14:09:20 INFO mapreduce.Job:  map 87% reduce 27%
18/04/28 14:09:21 INFO mapreduce.Job:  map 88% reduce 27%
18/04/28 14:09:22 INFO mapreduce.Job:  map 89% reduce 29%
18/04/28 14:09:23 INFO mapreduce.Job:  map 90% reduce 29%
18/04/28 14:09:24 INFO mapreduce.Job:  map 92% reduce 29%
18/04/28 14:09:25 INFO mapreduce.Job:  map 94% reduce 29%
18/04/28 14:09:26 INFO mapreduce.Job:  map 95% reduce 29%
18/04/28 14:09:27 INFO mapreduce.Job:  map 100% reduce 29%
18/04/28 14:09:28 INFO mapreduce.Job:  map 100% reduce 33%
18/04/28 14:09:29 INFO mapreduce.Job:  map 100% reduce 100%
18/04/28 14:09:29 INFO mapreduce.Job: Job job_1524709778346_0299 completed successfully
18/04/28 14:09:30 INFO mapreduce.Job: Counters: 50
	File System Counters
		FILE: Number of bytes read=17406
		FILE: Number of bytes written=40588795
		FILE: Number of read operations=0
		FILE: Number of large read operations=0
		FILE: Number of write operations=0
		HDFS: Number of bytes read=8000024600
		HDFS: Number of bytes written=29079
		HDFS: Number of read operations=603
		HDFS: Number of large read operations=0
		HDFS: Number of write operations=2
	Job Counters 
		Killed map tasks=1
		Launched map tasks=200
		Launched reduce tasks=1
		Data-local map tasks=200
		Total time spent by all maps in occupied slots (ms)=2203254
		Total time spent by all reduces in occupied slots (ms)=71269
		Total time spent by all map tasks (ms)=2203254
		Total time spent by all reduce tasks (ms)=71269
		Total vcore-milliseconds taken by all map tasks=2203254
		Total vcore-milliseconds taken by all reduce tasks=71269
		Total megabyte-milliseconds taken by all map tasks=2256132096
		Total megabyte-milliseconds taken by all reduce tasks=72979456
	Map-Reduce Framework
		Map input records=80000000
		Map output records=600
		Map output bytes=16200
		Map output materialized bytes=18600
		Input split bytes=24600
		Combine input records=0
		Combine output records=0
		Reduce input groups=401
		Reduce shuffle bytes=18600
		Reduce input records=600
		Reduce output records=200
		Spilled Records=1200
		Shuffled Maps =200
		Failed Shuffles=0
		Merged Map outputs=200
		GC time elapsed (ms)=45629
		CPU time spent (ms)=353800
		Physical memory (bytes) snapshot=59040727040
		Virtual memory (bytes) snapshot=396043243520
		Total committed heap usage (bytes)=39279132672
	Shuffle Errors
		BAD_ID=0
		CONNECTION=0
		IO_ERROR=0
		WRONG_LENGTH=0
		WRONG_MAP=0
		WRONG_REDUCE=0
	File Input Format Counters 
		Bytes Read=8000000000
	File Output Format Counters 
		Bytes Written=29079
