18/04/28 14:10:26 INFO client.RMProxy: Connecting to ResourceManager at hadoop-d/192.168.2.62:8032
18/04/28 14:10:27 WARN mapreduce.JobResourceUploader: Hadoop command-line option parsing not performed. Implement the Tool interface and execute your application with ToolRunner to remedy this.
18/04/28 14:10:27 INFO input.FileInputFormat: Total input files to process : 1
18/04/28 14:10:27 INFO mapreduce.JobSubmitter: number of splits:298
18/04/28 14:10:28 INFO Configuration.deprecation: mapred.textoutputformat.separator is deprecated. Instead, use mapreduce.output.textoutputformat.separator
18/04/28 14:10:28 INFO Configuration.deprecation: yarn.resourcemanager.system-metrics-publisher.enabled is deprecated. Instead, use yarn.system-metrics-publisher.enabled
18/04/28 14:10:28 INFO mapreduce.JobSubmitter: Submitting tokens for job: job_1524709778346_0300
18/04/28 14:10:28 INFO impl.YarnClientImpl: Submitted application application_1524709778346_0300
18/04/28 14:10:28 INFO mapreduce.Job: The url to track the job: http://hadoop-d:8088/proxy/application_1524709778346_0300/
18/04/28 14:10:28 INFO mapreduce.Job: Running job: job_1524709778346_0300
18/04/28 14:10:35 INFO mapreduce.Job: Job job_1524709778346_0300 running in uber mode : false
18/04/28 14:10:35 INFO mapreduce.Job:  map 0% reduce 0%
18/04/28 14:10:57 INFO mapreduce.Job:  map 2% reduce 0%
18/04/28 14:10:59 INFO mapreduce.Job:  map 3% reduce 0%
18/04/28 14:11:00 INFO mapreduce.Job:  map 5% reduce 0%
18/04/28 14:11:01 INFO mapreduce.Job:  map 10% reduce 0%
18/04/28 14:11:14 INFO mapreduce.Job:  map 11% reduce 0%
18/04/28 14:11:15 INFO mapreduce.Job:  map 12% reduce 0%
18/04/28 14:11:20 INFO mapreduce.Job:  map 13% reduce 0%
18/04/28 14:11:22 INFO mapreduce.Job:  map 16% reduce 0%
18/04/28 14:11:23 INFO mapreduce.Job:  map 19% reduce 0%
18/04/28 14:11:24 INFO mapreduce.Job:  map 20% reduce 0%
18/04/28 14:11:30 INFO mapreduce.Job:  map 21% reduce 0%
18/04/28 14:11:39 INFO mapreduce.Job:  map 22% reduce 0%
18/04/28 14:11:41 INFO mapreduce.Job:  map 23% reduce 0%
18/04/28 14:11:42 INFO mapreduce.Job:  map 24% reduce 0%
18/04/28 14:11:43 INFO mapreduce.Job:  map 26% reduce 0%
18/04/28 14:11:44 INFO mapreduce.Job:  map 27% reduce 0%
18/04/28 14:11:45 INFO mapreduce.Job:  map 30% reduce 0%
18/04/28 14:11:56 INFO mapreduce.Job:  map 31% reduce 0%
18/04/28 14:11:57 INFO mapreduce.Job:  map 32% reduce 0%
18/04/28 14:11:58 INFO mapreduce.Job:  map 33% reduce 0%
18/04/28 14:11:59 INFO mapreduce.Job:  map 35% reduce 0%
18/04/28 14:12:03 INFO mapreduce.Job:  map 36% reduce 0%
18/04/28 14:12:04 INFO mapreduce.Job:  map 37% reduce 0%
18/04/28 14:12:09 INFO mapreduce.Job:  map 38% reduce 0%
18/04/28 14:12:11 INFO mapreduce.Job:  map 39% reduce 1%
18/04/28 14:12:13 INFO mapreduce.Job:  map 40% reduce 1%
18/04/28 14:12:14 INFO mapreduce.Job:  map 41% reduce 1%
18/04/28 14:12:20 INFO mapreduce.Job:  map 42% reduce 1%
18/04/28 14:12:23 INFO mapreduce.Job:  map 43% reduce 1%
18/04/28 14:12:24 INFO mapreduce.Job:  map 45% reduce 1%
18/04/28 14:12:28 INFO mapreduce.Job:  map 46% reduce 1%
18/04/28 14:12:29 INFO mapreduce.Job:  map 47% reduce 1%
18/04/28 14:12:39 INFO mapreduce.Job:  map 48% reduce 1%
18/04/28 14:12:41 INFO mapreduce.Job:  map 49% reduce 1%
18/04/28 14:12:42 INFO mapreduce.Job:  map 50% reduce 1%
18/04/28 14:12:43 INFO mapreduce.Job:  map 51% reduce 1%
18/04/28 14:12:44 INFO mapreduce.Job:  map 52% reduce 1%
18/04/28 14:12:53 INFO mapreduce.Job:  map 53% reduce 1%
18/04/28 14:12:55 INFO mapreduce.Job:  map 54% reduce 1%
18/04/28 14:12:56 INFO mapreduce.Job:  map 55% reduce 1%
18/04/28 14:12:59 INFO mapreduce.Job:  map 56% reduce 1%
18/04/28 14:13:01 INFO mapreduce.Job:  map 57% reduce 1%
18/04/28 14:13:07 INFO mapreduce.Job:  map 58% reduce 1%
18/04/28 14:13:09 INFO mapreduce.Job:  map 59% reduce 1%
18/04/28 14:13:14 INFO mapreduce.Job:  map 60% reduce 1%
18/04/28 14:13:16 INFO mapreduce.Job:  map 61% reduce 1%
18/04/28 14:13:18 INFO mapreduce.Job:  map 61% reduce 2%
18/04/28 14:13:20 INFO mapreduce.Job:  map 62% reduce 2%
18/04/28 14:13:22 INFO mapreduce.Job:  map 63% reduce 2%
18/04/28 14:13:24 INFO mapreduce.Job:  map 64% reduce 2%
18/04/28 14:13:31 INFO mapreduce.Job:  map 65% reduce 2%
18/04/28 14:13:33 INFO mapreduce.Job:  map 66% reduce 2%
18/04/28 14:13:34 INFO mapreduce.Job:  map 67% reduce 2%
18/04/28 14:13:36 INFO mapreduce.Job:  map 68% reduce 2%
18/04/28 14:13:45 INFO mapreduce.Job:  map 69% reduce 2%
18/04/28 14:13:48 INFO mapreduce.Job:  map 70% reduce 2%
18/04/28 14:13:50 INFO mapreduce.Job:  map 72% reduce 2%
18/04/28 14:13:51 INFO mapreduce.Job:  map 73% reduce 2%
18/04/28 14:14:02 INFO mapreduce.Job:  map 74% reduce 2%
18/04/28 14:14:04 INFO mapreduce.Job:  map 75% reduce 2%
18/04/28 14:14:05 INFO mapreduce.Job:  map 76% reduce 2%
18/04/28 14:14:06 INFO mapreduce.Job:  map 77% reduce 2%
18/04/28 14:14:08 INFO mapreduce.Job:  map 78% reduce 2%
18/04/28 14:14:17 INFO mapreduce.Job:  map 79% reduce 2%
18/04/28 14:14:18 INFO mapreduce.Job:  map 80% reduce 2%
18/04/28 14:14:19 INFO mapreduce.Job:  map 81% reduce 2%
18/04/28 14:14:22 INFO mapreduce.Job:  map 82% reduce 2%
18/04/28 14:14:24 INFO mapreduce.Job:  map 83% reduce 2%
18/04/28 14:14:32 INFO mapreduce.Job:  map 84% reduce 2%
18/04/28 14:14:33 INFO mapreduce.Job:  map 85% reduce 2%
18/04/28 14:14:36 INFO mapreduce.Job:  map 86% reduce 2%
18/04/28 14:14:39 INFO mapreduce.Job:  map 87% reduce 2%
18/04/28 14:14:45 INFO mapreduce.Job:  map 88% reduce 2%
18/04/28 14:14:47 INFO mapreduce.Job:  map 89% reduce 2%
18/04/28 14:14:51 INFO mapreduce.Job:  map 90% reduce 2%
18/04/28 14:14:53 INFO mapreduce.Job:  map 91% reduce 2%
18/04/28 14:14:57 INFO mapreduce.Job:  map 92% reduce 2%
18/04/28 14:14:59 INFO mapreduce.Job:  map 93% reduce 2%
18/04/28 14:15:01 INFO mapreduce.Job:  map 94% reduce 2%
18/04/28 14:15:06 INFO mapreduce.Job:  map 95% reduce 2%
18/04/28 14:15:12 INFO mapreduce.Job:  map 96% reduce 2%
18/04/28 14:15:13 INFO mapreduce.Job:  map 97% reduce 2%
18/04/28 14:15:15 INFO mapreduce.Job:  map 98% reduce 2%
18/04/28 14:15:21 INFO mapreduce.Job:  map 99% reduce 2%
18/04/28 14:15:29 INFO mapreduce.Job:  map 100% reduce 2%
18/04/28 14:15:31 INFO mapreduce.Job:  map 100% reduce 4%
18/04/28 14:15:33 INFO mapreduce.Job:  map 100% reduce 5%
18/04/28 14:15:34 INFO mapreduce.Job:  map 100% reduce 6%
18/04/28 14:15:35 INFO mapreduce.Job:  map 100% reduce 7%
18/04/28 14:15:36 INFO mapreduce.Job:  map 100% reduce 9%
18/04/28 14:15:37 INFO mapreduce.Job:  map 100% reduce 11%
18/04/28 14:15:38 INFO mapreduce.Job:  map 100% reduce 12%
18/04/28 14:15:39 INFO mapreduce.Job:  map 100% reduce 13%
18/04/28 14:15:40 INFO mapreduce.Job:  map 100% reduce 14%
18/04/28 14:15:51 INFO mapreduce.Job:  map 100% reduce 15%
18/04/28 14:15:57 INFO mapreduce.Job:  map 100% reduce 16%
18/04/28 14:15:58 INFO mapreduce.Job:  map 100% reduce 18%
18/04/28 14:15:59 INFO mapreduce.Job:  map 100% reduce 19%
18/04/28 14:16:00 INFO mapreduce.Job:  map 100% reduce 20%
18/04/28 14:16:01 INFO mapreduce.Job:  map 100% reduce 23%
18/04/28 14:16:02 INFO mapreduce.Job:  map 100% reduce 24%
18/04/28 14:16:03 INFO mapreduce.Job:  map 100% reduce 26%
18/04/28 14:16:05 INFO mapreduce.Job:  map 100% reduce 27%
18/04/28 14:16:07 INFO mapreduce.Job:  map 100% reduce 28%
18/04/28 14:16:16 INFO mapreduce.Job:  map 100% reduce 29%
18/04/28 14:16:17 INFO mapreduce.Job:  map 100% reduce 31%
18/04/28 14:16:20 INFO mapreduce.Job:  map 100% reduce 32%
18/04/28 14:16:21 INFO mapreduce.Job:  map 100% reduce 33%
18/04/28 14:16:23 INFO mapreduce.Job:  map 100% reduce 35%
18/04/28 14:16:24 INFO mapreduce.Job:  map 100% reduce 36%
18/04/28 14:16:25 INFO mapreduce.Job:  map 100% reduce 37%
18/04/28 14:16:26 INFO mapreduce.Job:  map 100% reduce 38%
18/04/28 14:16:29 INFO mapreduce.Job:  map 100% reduce 39%
18/04/28 14:16:30 INFO mapreduce.Job:  map 100% reduce 40%
18/04/28 14:16:32 INFO mapreduce.Job:  map 100% reduce 42%
18/04/28 14:16:34 INFO mapreduce.Job:  map 100% reduce 43%
18/04/28 14:16:36 INFO mapreduce.Job:  map 100% reduce 44%
18/04/28 14:16:38 INFO mapreduce.Job:  map 100% reduce 45%
18/04/28 14:16:42 INFO mapreduce.Job:  map 100% reduce 46%
18/04/28 14:16:44 INFO mapreduce.Job:  map 100% reduce 48%
18/04/28 14:16:48 INFO mapreduce.Job:  map 100% reduce 49%
18/04/28 14:16:49 INFO mapreduce.Job:  map 100% reduce 50%
18/04/28 14:16:50 INFO mapreduce.Job:  map 100% reduce 51%
18/04/28 14:16:52 INFO mapreduce.Job:  map 100% reduce 52%
18/04/28 14:16:53 INFO mapreduce.Job:  map 100% reduce 53%
18/04/28 14:16:54 INFO mapreduce.Job:  map 100% reduce 54%
18/04/28 14:16:57 INFO mapreduce.Job:  map 100% reduce 55%
18/04/28 14:16:58 INFO mapreduce.Job:  map 100% reduce 56%
18/04/28 14:16:59 INFO mapreduce.Job:  map 100% reduce 58%
18/04/28 14:17:00 INFO mapreduce.Job:  map 100% reduce 59%
18/04/28 14:17:01 INFO mapreduce.Job:  map 100% reduce 60%
18/04/28 14:17:05 INFO mapreduce.Job:  map 100% reduce 61%
18/04/28 14:17:06 INFO mapreduce.Job:  map 100% reduce 62%
18/04/28 14:17:10 INFO mapreduce.Job:  map 100% reduce 63%
18/04/28 14:17:12 INFO mapreduce.Job:  map 100% reduce 65%
18/04/28 14:17:16 INFO mapreduce.Job:  map 100% reduce 66%
18/04/28 14:17:17 INFO mapreduce.Job:  map 100% reduce 67%
18/04/28 14:17:18 INFO mapreduce.Job:  map 100% reduce 68%
18/04/28 14:17:19 INFO mapreduce.Job:  map 100% reduce 69%
18/04/28 14:17:21 INFO mapreduce.Job:  map 100% reduce 71%
18/04/28 14:17:22 INFO mapreduce.Job:  map 100% reduce 72%
18/04/28 14:17:24 INFO mapreduce.Job:  map 100% reduce 74%
18/04/28 14:17:25 INFO mapreduce.Job:  map 100% reduce 75%
18/04/28 14:17:27 INFO mapreduce.Job:  map 100% reduce 76%
18/04/28 14:17:31 INFO mapreduce.Job:  map 100% reduce 77%
18/04/28 14:17:34 INFO mapreduce.Job:  map 100% reduce 78%
18/04/28 14:17:36 INFO mapreduce.Job:  map 100% reduce 79%
18/04/28 14:17:38 INFO mapreduce.Job:  map 100% reduce 80%
18/04/28 14:17:40 INFO mapreduce.Job:  map 100% reduce 81%
18/04/28 14:17:41 INFO mapreduce.Job:  map 100% reduce 82%
18/04/28 14:17:43 INFO mapreduce.Job:  map 100% reduce 85%
18/04/28 14:17:44 INFO mapreduce.Job:  map 100% reduce 86%
18/04/28 14:17:47 INFO mapreduce.Job:  map 100% reduce 87%
18/04/28 14:17:48 INFO mapreduce.Job:  map 100% reduce 89%
18/04/28 14:17:50 INFO mapreduce.Job:  map 100% reduce 90%
18/04/28 14:17:52 INFO mapreduce.Job:  map 100% reduce 91%
18/04/28 14:17:55 INFO mapreduce.Job:  map 100% reduce 92%
18/04/28 14:17:56 INFO mapreduce.Job:  map 100% reduce 93%
18/04/28 14:18:00 INFO mapreduce.Job:  map 100% reduce 95%
18/04/28 14:18:01 INFO mapreduce.Job:  map 100% reduce 96%
18/04/28 14:18:02 INFO mapreduce.Job:  map 100% reduce 98%
18/04/28 14:18:03 INFO mapreduce.Job:  map 100% reduce 99%
18/04/28 14:18:04 INFO mapreduce.Job:  map 100% reduce 100%
18/04/28 14:18:06 INFO mapreduce.Job: Job job_1524709778346_0300 completed successfully
18/04/28 14:18:09 INFO mapreduce.Job: Counters: 52
	File System Counters
		FILE: Number of bytes read=20400002400
		FILE: Number of bytes written=40902271114
		FILE: Number of read operations=0
		FILE: Number of large read operations=0
		FILE: Number of write operations=0
		HDFS: Number of bytes read=20001250484
		HDFS: Number of bytes written=20000000000
		HDFS: Number of read operations=1494
		HDFS: Number of large read operations=0
		HDFS: Number of write operations=400
	Job Counters 
		Killed map tasks=1
		Killed reduce tasks=2
		Launched map tasks=298
		Launched reduce tasks=200
		Data-local map tasks=257
		Rack-local map tasks=41
		Total time spent by all maps in occupied slots (ms)=4449676
		Total time spent by all reduces in occupied slots (ms)=7596246
		Total time spent by all map tasks (ms)=4449676
		Total time spent by all reduce tasks (ms)=7596246
		Total vcore-milliseconds taken by all map tasks=4449676
		Total vcore-milliseconds taken by all reduce tasks=7596246
		Total megabyte-milliseconds taken by all map tasks=4556468224
		Total megabyte-milliseconds taken by all reduce tasks=7778555904
	Map-Reduce Framework
		Map input records=200000000
		Map output records=200000000
		Map output bytes=20000000000
		Map output materialized bytes=20400357600
		Input split bytes=33972
		Combine input records=200000000
		Combine output records=200000000
		Reduce input groups=200000000
		Reduce shuffle bytes=20400357600
		Reduce input records=200000000
		Reduce output records=200000000
		Spilled Records=400000000
		Shuffled Maps =59600
		Failed Shuffles=0
		Merged Map outputs=59600
		GC time elapsed (ms)=284956
		CPU time spent (ms)=3163590
		Physical memory (bytes) snapshot=143812308992
		Virtual memory (bytes) snapshot=982496550912
		Total committed heap usage (bytes)=96909918208
	Shuffle Errors
		BAD_ID=0
		CONNECTION=0
		IO_ERROR=0
		WRONG_LENGTH=0
		WRONG_MAP=0
		WRONG_REDUCE=0
	File Input Format Counters 
		Bytes Read=20001216512
	File Output Format Counters 
		Bytes Written=20000000000
18/04/28 14:18:11 INFO client.RMProxy: Connecting to ResourceManager at hadoop-d/192.168.2.62:8032
18/04/28 14:18:12 INFO input.FileInputFormat: Total input files to process : 200
Spent 159ms computing base-splits.
Spent 11ms computing TeraScheduler splits.
18/04/28 14:18:12 INFO mapreduce.JobSubmitter: number of splits:200
18/04/28 14:18:12 INFO Configuration.deprecation: yarn.resourcemanager.system-metrics-publisher.enabled is deprecated. Instead, use yarn.system-metrics-publisher.enabled
18/04/28 14:18:13 INFO mapreduce.JobSubmitter: Submitting tokens for job: job_1524709778346_0301
18/04/28 14:18:13 INFO impl.YarnClientImpl: Submitted application application_1524709778346_0301
18/04/28 14:18:13 INFO mapreduce.Job: The url to track the job: http://hadoop-d:8088/proxy/application_1524709778346_0301/
18/04/28 14:18:13 INFO mapreduce.Job: Running job: job_1524709778346_0301
18/04/28 14:18:20 INFO mapreduce.Job: Job job_1524709778346_0301 running in uber mode : false
18/04/28 14:18:20 INFO mapreduce.Job:  map 0% reduce 0%
18/04/28 14:18:33 INFO mapreduce.Job:  map 3% reduce 0%
18/04/28 14:18:37 INFO mapreduce.Job:  map 6% reduce 0%
18/04/28 14:18:38 INFO mapreduce.Job:  map 8% reduce 0%
18/04/28 14:18:39 INFO mapreduce.Job:  map 15% reduce 0%
18/04/28 14:18:46 INFO mapreduce.Job:  map 17% reduce 0%
18/04/28 14:18:47 INFO mapreduce.Job:  map 18% reduce 0%
18/04/28 14:18:52 INFO mapreduce.Job:  map 19% reduce 0%
18/04/28 14:18:53 INFO mapreduce.Job:  map 22% reduce 0%
18/04/28 14:18:56 INFO mapreduce.Job:  map 28% reduce 0%
18/04/28 14:18:57 INFO mapreduce.Job:  map 31% reduce 0%
18/04/28 14:18:58 INFO mapreduce.Job:  map 32% reduce 0%
18/04/28 14:19:02 INFO mapreduce.Job:  map 32% reduce 11%
18/04/28 14:19:04 INFO mapreduce.Job:  map 33% reduce 11%
18/04/28 14:19:05 INFO mapreduce.Job:  map 34% reduce 11%
18/04/28 14:19:07 INFO mapreduce.Job:  map 37% reduce 11%
18/04/28 14:19:08 INFO mapreduce.Job:  map 38% reduce 12%
18/04/28 14:19:09 INFO mapreduce.Job:  map 40% reduce 12%
18/04/28 14:19:11 INFO mapreduce.Job:  map 41% reduce 12%
18/04/28 14:19:12 INFO mapreduce.Job:  map 44% reduce 12%
18/04/28 14:19:13 INFO mapreduce.Job:  map 47% reduce 12%
18/04/28 14:19:14 INFO mapreduce.Job:  map 47% reduce 16%
18/04/28 14:19:16 INFO mapreduce.Job:  map 48% reduce 16%
18/04/28 14:19:18 INFO mapreduce.Job:  map 49% reduce 16%
18/04/28 14:19:20 INFO mapreduce.Job:  map 51% reduce 16%
18/04/28 14:19:21 INFO mapreduce.Job:  map 54% reduce 16%
18/04/28 14:19:23 INFO mapreduce.Job:  map 55% reduce 16%
18/04/28 14:19:26 INFO mapreduce.Job:  map 55% reduce 18%
18/04/28 14:19:27 INFO mapreduce.Job:  map 57% reduce 18%
18/04/28 14:19:28 INFO mapreduce.Job:  map 60% reduce 18%
18/04/28 14:19:29 INFO mapreduce.Job:  map 63% reduce 18%
18/04/28 14:19:31 INFO mapreduce.Job:  map 64% reduce 18%
18/04/28 14:19:32 INFO mapreduce.Job:  map 68% reduce 22%
18/04/28 14:19:36 INFO mapreduce.Job:  map 69% reduce 22%
18/04/28 14:19:38 INFO mapreduce.Job:  map 70% reduce 23%
18/04/28 14:19:40 INFO mapreduce.Job:  map 71% reduce 23%
18/04/28 14:19:41 INFO mapreduce.Job:  map 73% reduce 23%
18/04/28 14:19:42 INFO mapreduce.Job:  map 74% reduce 23%
18/04/28 14:19:43 INFO mapreduce.Job:  map 77% reduce 23%
18/04/28 14:19:44 INFO mapreduce.Job:  map 80% reduce 25%
18/04/28 14:19:45 INFO mapreduce.Job:  map 81% reduce 25%
18/04/28 14:19:46 INFO mapreduce.Job:  map 82% reduce 25%
18/04/28 14:19:49 INFO mapreduce.Job:  map 83% reduce 25%
18/04/28 14:19:50 INFO mapreduce.Job:  map 83% reduce 28%
18/04/28 14:19:51 INFO mapreduce.Job:  map 85% reduce 28%
18/04/28 14:19:52 INFO mapreduce.Job:  map 86% reduce 28%
18/04/28 14:19:53 INFO mapreduce.Job:  map 88% reduce 28%
18/04/28 14:19:54 INFO mapreduce.Job:  map 89% reduce 28%
18/04/28 14:19:56 INFO mapreduce.Job:  map 91% reduce 30%
18/04/28 14:19:57 INFO mapreduce.Job:  map 93% reduce 30%
18/04/28 14:19:58 INFO mapreduce.Job:  map 94% reduce 30%
18/04/28 14:19:59 INFO mapreduce.Job:  map 96% reduce 30%
18/04/28 14:20:00 INFO mapreduce.Job:  map 99% reduce 30%
18/04/28 14:20:01 INFO mapreduce.Job:  map 100% reduce 30%
18/04/28 14:20:02 INFO mapreduce.Job:  map 100% reduce 33%
18/04/28 14:20:03 INFO mapreduce.Job:  map 100% reduce 100%
18/04/28 14:20:04 INFO mapreduce.Job: Job job_1524709778346_0301 completed successfully
18/04/28 14:20:05 INFO mapreduce.Job: Counters: 51
	File System Counters
		FILE: Number of bytes read=17406
		FILE: Number of bytes written=40588795
		FILE: Number of read operations=0
		FILE: Number of large read operations=0
		FILE: Number of write operations=0
		HDFS: Number of bytes read=20000024600
		HDFS: Number of bytes written=29079
		HDFS: Number of read operations=603
		HDFS: Number of large read operations=0
		HDFS: Number of write operations=2
	Job Counters 
		Killed map tasks=1
		Launched map tasks=200
		Launched reduce tasks=1
		Data-local map tasks=199
		Rack-local map tasks=1
		Total time spent by all maps in occupied slots (ms)=2547502
		Total time spent by all reduces in occupied slots (ms)=83306
		Total time spent by all map tasks (ms)=2547502
		Total time spent by all reduce tasks (ms)=83306
		Total vcore-milliseconds taken by all map tasks=2547502
		Total vcore-milliseconds taken by all reduce tasks=83306
		Total megabyte-milliseconds taken by all map tasks=2608642048
		Total megabyte-milliseconds taken by all reduce tasks=85305344
	Map-Reduce Framework
		Map input records=200000000
		Map output records=600
		Map output bytes=16200
		Map output materialized bytes=18600
		Input split bytes=24600
		Combine input records=0
		Combine output records=0
		Reduce input groups=401
		Reduce shuffle bytes=18600
		Reduce input records=600
		Reduce output records=200
		Spilled Records=1200
		Shuffled Maps =200
		Failed Shuffles=0
		Merged Map outputs=200
		GC time elapsed (ms)=49541
		CPU time spent (ms)=480870
		Physical memory (bytes) snapshot=58959495168
		Virtual memory (bytes) snapshot=395953397760
		Total committed heap usage (bytes)=39450574848
	Shuffle Errors
		BAD_ID=0
		CONNECTION=0
		IO_ERROR=0
		WRONG_LENGTH=0
		WRONG_MAP=0
		WRONG_REDUCE=0
	File Input Format Counters 
		Bytes Read=20000000000
	File Output Format Counters 
		Bytes Written=29079
